<?xml version="1.0" encoding="utf-8" standalone="no"?>
<!--This file represents the results of running a test suite-->
<test-results name="build\classes\TopCoder.LoggingWrapper.Test.dll" total="311" failures="32" not-run="0" date="2010-07-09" time="17:09:45">
  <environment nunit-version="2.4.8.0" clr-version="2.0.50727.3053" os-version="Microsoft Windows NT 5.1.2600 Service Pack 3" platform="Win32NT" cwd="E:\devTools\workspace\sts_2_3\logging_wrapper" machine-name="SIMON" user="Administrator" user-domain="SIMON" />
  <culture-info current-culture="zh-CN" current-uiculture="zh-CN" />
  <test-suite name="build\classes\TopCoder.LoggingWrapper.Test.dll" success="False" time="4.734" asserts="0">
    <results>
      <test-suite name="TopCoder" success="False" time="4.688" asserts="0">
        <results>
          <test-suite name="LoggingWrapper" success="False" time="4.688" asserts="0">
            <results>
              <test-suite name="ConfigExceptionUnitTest" success="True" time="0.031" asserts="0">
                <results>
                  <test-case name="TopCoder.LoggingWrapper.ConfigExceptionUnitTest.Test0ParamCtor" executed="True" success="True" time="0.000" asserts="1" />
                  <test-case name="TopCoder.LoggingWrapper.ConfigExceptionUnitTest.Test1ParamCtor" executed="True" success="True" time="0.000" asserts="1" />
                  <test-case name="TopCoder.LoggingWrapper.ConfigExceptionUnitTest.Test2ParamCtor" executed="True" success="True" time="0.000" asserts="2" />
                  <test-case name="TopCoder.LoggingWrapper.ConfigExceptionUnitTest.TestSerialization" executed="True" success="True" time="0.000" asserts="2" />
                </results>
              </test-suite>
              <test-suite name="Demo" success="True" time="1.641" asserts="0">
                <results>
                  <test-case name="TopCoder.LoggingWrapper.Demo.TestDemoELSAppender" executed="True" success="True" time="0.016" asserts="0" />
                  <test-case name="TopCoder.LoggingWrapper.Demo.TestDemoLogger" executed="True" success="True" time="0.125" asserts="0" />
                  <test-case name="TopCoder.LoggingWrapper.Demo.TestDemoLoggingWrapperTraceListener" executed="True" success="True" time="1.094" asserts="0" />
                  <test-case name="TopCoder.LoggingWrapper.Demo.TestDemoLogManager" executed="True" success="True" time="0.391" asserts="0" />
                  <test-case name="TopCoder.LoggingWrapper.Demo.TestDemoZeroConfiguration" executed="True" success="True" time="0.000" asserts="0" />
                </results>
              </test-suite>
              <test-suite name="DiagnosticImplTest" success="True" time="1.313" asserts="0">
                <results>
                  <test-case name="TopCoder.LoggingWrapper.DiagnosticImplTest.isFormatedEntryWriten" executed="True" success="True" time="0.484" asserts="1" />
                  <test-case name="TopCoder.LoggingWrapper.DiagnosticImplTest.isSimpleEntryWriten" executed="True" success="True" time="0.531" asserts="1" />
                  <test-case name="TopCoder.LoggingWrapper.DiagnosticImplTest.LogInitializedCorectly" executed="True" success="True" time="0.297" asserts="1" />
                </results>
              </test-suite>
              <test-suite name="DiagnosticImplUnitTest" success="True" time="0.094" asserts="0">
                <results>
                  <test-case name="TopCoder.LoggingWrapper.DiagnosticImplUnitTest.TestCtorAccuracy" executed="True" success="True" time="0.047" asserts="4" />
                  <test-case name="TopCoder.LoggingWrapper.DiagnosticImplUnitTest.TestCtorWithEmptyUrl" executed="True" success="True" time="0.000" asserts="0" />
                  <test-case name="TopCoder.LoggingWrapper.DiagnosticImplUnitTest.TestCtorWithNull" executed="True" success="True" time="0.000" asserts="0" />
                  <test-case name="TopCoder.LoggingWrapper.DiagnosticImplUnitTest.TestCtorWithUrlAbsent" executed="True" success="True" time="0.000" asserts="0" />
                  <test-case name="TopCoder.LoggingWrapper.DiagnosticImplUnitTest.TestDisposeAccuracy" executed="True" success="True" time="0.000" asserts="0" />
                  <test-case name="TopCoder.LoggingWrapper.DiagnosticImplUnitTest.TestInitializeZeroConfigurationUrlAbsent" executed="True" success="True" time="0.000" asserts="1" />
                  <test-case name="TopCoder.LoggingWrapper.DiagnosticImplUnitTest.TestInitializeZeroConfigurationUrlExist" executed="True" success="True" time="0.000" asserts="1" />
                  <test-case name="TopCoder.LoggingWrapper.DiagnosticImplUnitTest.TestInitializeZeroConfigurationWithConfigError" executed="True" success="True" time="0.000" asserts="0" />
                  <test-case name="TopCoder.LoggingWrapper.DiagnosticImplUnitTest.TestInitializeZeroConfigurationWithNull" executed="True" success="True" time="0.000" asserts="0" />
                  <test-case name="TopCoder.LoggingWrapper.DiagnosticImplUnitTest.TestIsLevelEnabledAccuracy" executed="True" success="True" time="0.000" asserts="8" />
                  <test-case name="TopCoder.LoggingWrapper.DiagnosticImplUnitTest.TestLogAccuracy" executed="True" success="True" time="0.000" asserts="2" />
                  <test-case name="TopCoder.LoggingWrapper.DiagnosticImplUnitTest.TestLogLevelMapping" executed="True" success="True" time="0.016" asserts="7" />
                  <test-case name="TopCoder.LoggingWrapper.DiagnosticImplUnitTest.TestLogWithMalformedMessage" executed="True" success="True" time="0.000" asserts="0" />
                  <test-case name="TopCoder.LoggingWrapper.DiagnosticImplUnitTest.TestLogWithNullMessage" executed="True" success="True" time="0.000" asserts="0" />
                  <test-case name="TopCoder.LoggingWrapper.DiagnosticImplUnitTest.TestLogWithNullParameters" executed="True" success="True" time="0.000" asserts="0" />
                  <test-case name="TopCoder.LoggingWrapper.DiagnosticImplUnitTest.TestLogWithOFF" executed="True" success="True" time="0.016" asserts="1" />
                </results>
              </test-suite>
              <test-suite name="ELS" success="True" time="0.344" asserts="0">
                <results>
                  <test-suite name="ELSAppenderUnitTest" success="True" time="0.250" asserts="0">
                    <results>
                      <test-case name="TopCoder.LoggingWrapper.ELS.ELSAppenderUnitTest.TestAppendAccuracy" executed="True" success="True" time="0.203" asserts="3" />
                      <test-case name="TopCoder.LoggingWrapper.ELS.ELSAppenderUnitTest.TestAppendLevelMapping" executed="True" success="True" time="0.031" asserts="14" />
                      <test-case name="TopCoder.LoggingWrapper.ELS.ELSAppenderUnitTest.TestAppendWithNull" executed="True" success="True" time="0.000" asserts="0" />
                      <test-case name="TopCoder.LoggingWrapper.ELS.ELSAppenderUnitTest.TestAppendWithServiceError" executed="True" success="True" time="0.016" asserts="0" />
                      <test-case name="TopCoder.LoggingWrapper.ELS.ELSAppenderUnitTest.TestCtorAccuracy2" executed="True" success="True" time="0.000" asserts="1" />
                      <test-case name="TopCoder.LoggingWrapper.ELS.ELSAppenderUnitTest.TestCtorWithNull" executed="True" success="True" time="0.000" asserts="0" />
                      <test-case name="TopCoder.LoggingWrapper.ELS.ELSAppenderUnitTest.TestOnCloseAccuracy" executed="True" success="True" time="0.000" asserts="0" />
                    </results>
                  </test-suite>
                  <test-suite name="ELSImplUnitTest" success="True" time="0.078" asserts="0">
                    <results>
                      <test-case name="TopCoder.LoggingWrapper.ELS.ELSImplUnitTest.TestCtorAccuracy" executed="True" success="True" time="0.031" asserts="4" />
                      <test-case name="TopCoder.LoggingWrapper.ELS.ELSImplUnitTest.TestCtorBadConfig" executed="True" success="True" time="0.000" asserts="0" />
                      <test-case name="TopCoder.LoggingWrapper.ELS.ELSImplUnitTest.TestCtorWithNull" executed="True" success="True" time="0.000" asserts="0" />
                      <test-case name="TopCoder.LoggingWrapper.ELS.ELSImplUnitTest.TestDisposeAccuracy" executed="True" success="True" time="0.016" asserts="0" />
                      <test-case name="TopCoder.LoggingWrapper.ELS.ELSImplUnitTest.TestIsLevelEnabledAccuracy" executed="True" success="True" time="0.000" asserts="8" />
                      <test-case name="TopCoder.LoggingWrapper.ELS.ELSImplUnitTest.TestLogAccuracy" executed="True" success="True" time="0.000" asserts="3" />
                      <test-case name="TopCoder.LoggingWrapper.ELS.ELSImplUnitTest.TestLogWithNullMessage" executed="True" success="True" time="0.000" asserts="0" />
                      <test-case name="TopCoder.LoggingWrapper.ELS.ELSImplUnitTest.TestLogWithNullParameters" executed="True" success="True" time="0.000" asserts="0" />
                      <test-case name="TopCoder.LoggingWrapper.ELS.ELSImplUnitTest.TestLogWithOFF" executed="True" success="True" time="0.000" asserts="1" />
                      <test-case name="TopCoder.LoggingWrapper.ELS.ELSImplUnitTest.TestLogWithServiceError" executed="True" success="True" time="0.000" asserts="0" />
                    </results>
                  </test-suite>
                </results>
              </test-suite>
              <test-suite name="EntLib" success="True" time="0.094" asserts="0">
                <results>
                  <test-suite name="EnterpriseLibraryLoggerUnitTest" success="True" time="0.078" asserts="0">
                    <results>
                      <test-case name="TopCoder.LoggingWrapper.EntLib.EnterpriseLibraryLoggerUnitTest.TestCategoryAccuracy" executed="True" success="True" time="0.016" asserts="1" />
                      <test-case name="TopCoder.LoggingWrapper.EntLib.EnterpriseLibraryLoggerUnitTest.TestCtorAccuracy" executed="True" success="True" time="0.000" asserts="5" />
                      <test-case name="TopCoder.LoggingWrapper.EntLib.EnterpriseLibraryLoggerUnitTest.TestCtorWithCategoryAbsent" executed="True" success="True" time="0.000" asserts="0" />
                      <test-case name="TopCoder.LoggingWrapper.EntLib.EnterpriseLibraryLoggerUnitTest.TestCtorWithEmptyCategory" executed="True" success="True" time="0.000" asserts="0" />
                      <test-case name="TopCoder.LoggingWrapper.EntLib.EnterpriseLibraryLoggerUnitTest.TestCtorWithMultiplyCategory" executed="True" success="True" time="0.000" asserts="0" />
                      <test-case name="TopCoder.LoggingWrapper.EntLib.EnterpriseLibraryLoggerUnitTest.TestCtorWithNull" executed="True" success="True" time="0.000" asserts="0" />
                      <test-case name="TopCoder.LoggingWrapper.EntLib.EnterpriseLibraryLoggerUnitTest.TestDisposeAccuracy" executed="True" success="True" time="0.000" asserts="0" />
                      <test-case name="TopCoder.LoggingWrapper.EntLib.EnterpriseLibraryLoggerUnitTest.TestInitializeZeroConfigurationUrlAbsent" executed="True" success="True" time="0.000" asserts="1" />
                      <test-case name="TopCoder.LoggingWrapper.EntLib.EnterpriseLibraryLoggerUnitTest.TestInitializeZeroConfigurationUrlExist" executed="True" success="True" time="0.000" asserts="1" />
                      <test-case name="TopCoder.LoggingWrapper.EntLib.EnterpriseLibraryLoggerUnitTest.TestInitializeZeroConfigurationWithConfigError" executed="True" success="True" time="0.000" asserts="0" />
                      <test-case name="TopCoder.LoggingWrapper.EntLib.EnterpriseLibraryLoggerUnitTest.TestInitializeZeroConfigurationWithNull" executed="True" success="True" time="0.000" asserts="0" />
                      <test-case name="TopCoder.LoggingWrapper.EntLib.EnterpriseLibraryLoggerUnitTest.TestIsLevelEnabledAccuracy" executed="True" success="True" time="0.000" asserts="8" />
                      <test-case name="TopCoder.LoggingWrapper.EntLib.EnterpriseLibraryLoggerUnitTest.TestLogAccuracy" executed="True" success="True" time="0.016" asserts="3" />
                      <test-case name="TopCoder.LoggingWrapper.EntLib.EnterpriseLibraryLoggerUnitTest.TestLogWithMalformedMessage" executed="True" success="True" time="0.000" asserts="0" />
                      <test-case name="TopCoder.LoggingWrapper.EntLib.EnterpriseLibraryLoggerUnitTest.TestLogWithNullMessage" executed="True" success="True" time="0.000" asserts="0" />
                      <test-case name="TopCoder.LoggingWrapper.EntLib.EnterpriseLibraryLoggerUnitTest.TestLogWithNullParameters" executed="True" success="True" time="0.000" asserts="0" />
                      <test-case name="TopCoder.LoggingWrapper.EntLib.EnterpriseLibraryLoggerUnitTest.TestLogWithOFF" executed="True" success="True" time="0.000" asserts="1" />
                    </results>
                  </test-suite>
                  <test-suite name="LoggingWrapperTraceListenerUnitTest" success="True" time="0.016" asserts="0">
                    <results>
                      <test-case name="TopCoder.LoggingWrapper.EntLib.LoggingWrapperTraceListenerUnitTest.TestCloseAccuracy" executed="True" success="True" time="0.000" asserts="2" />
                      <test-case name="TopCoder.LoggingWrapper.EntLib.LoggingWrapperTraceListenerUnitTest.TestCtorAccuracy1" executed="True" success="True" time="0.000" asserts="1" />
                      <test-case name="TopCoder.LoggingWrapper.EntLib.LoggingWrapperTraceListenerUnitTest.TestCtorAccuracy2" executed="True" success="True" time="0.000" asserts="1" />
                      <test-case name="TopCoder.LoggingWrapper.EntLib.LoggingWrapperTraceListenerUnitTest.TestCtorWithNullLogger" executed="True" success="True" time="0.000" asserts="0" />
                      <test-case name="TopCoder.LoggingWrapper.EntLib.LoggingWrapperTraceListenerUnitTest.TestWriteLineObjectAccuracy" executed="True" success="True" time="0.000" asserts="1" />
                      <test-case name="TopCoder.LoggingWrapper.EntLib.LoggingWrapperTraceListenerUnitTest.TestWriteLineObjectCategoryAccuracy" executed="True" success="True" time="0.000" asserts="1" />
                      <test-case name="TopCoder.LoggingWrapper.EntLib.LoggingWrapperTraceListenerUnitTest.TestWriteLineObjectCategoryWithErrorIgnore" executed="True" success="True" time="0.000" asserts="0" />
                      <test-case name="TopCoder.LoggingWrapper.EntLib.LoggingWrapperTraceListenerUnitTest.TestWriteLineObjectWithErrorIgnore" executed="True" success="True" time="0.000" asserts="0" />
                      <test-case name="TopCoder.LoggingWrapper.EntLib.LoggingWrapperTraceListenerUnitTest.TestWriteLineStringAccuracy" executed="True" success="True" time="0.000" asserts="1" />
                      <test-case name="TopCoder.LoggingWrapper.EntLib.LoggingWrapperTraceListenerUnitTest.TestWriteLineStringCategoryAccuracy" executed="True" success="True" time="0.000" asserts="1" />
                      <test-case name="TopCoder.LoggingWrapper.EntLib.LoggingWrapperTraceListenerUnitTest.TestWriteLineStringCategoryWithErrorIgnore" executed="True" success="True" time="0.000" asserts="0" />
                      <test-case name="TopCoder.LoggingWrapper.EntLib.LoggingWrapperTraceListenerUnitTest.TestWriteLineStringWithErrorIgnore" executed="True" success="True" time="0.000" asserts="0" />
                      <test-case name="TopCoder.LoggingWrapper.EntLib.LoggingWrapperTraceListenerUnitTest.TestWriteObjectAccuracy" executed="True" success="True" time="0.000" asserts="1" />
                      <test-case name="TopCoder.LoggingWrapper.EntLib.LoggingWrapperTraceListenerUnitTest.TestWriteObjectCategoryAccuracy" executed="True" success="True" time="0.000" asserts="1" />
                      <test-case name="TopCoder.LoggingWrapper.EntLib.LoggingWrapperTraceListenerUnitTest.TestWriteObjectCategoryWithErrorIgnore" executed="True" success="True" time="0.000" asserts="0" />
                      <test-case name="TopCoder.LoggingWrapper.EntLib.LoggingWrapperTraceListenerUnitTest.TestWriteObjectWithErrorIgnore" executed="True" success="True" time="0.000" asserts="0" />
                      <test-case name="TopCoder.LoggingWrapper.EntLib.LoggingWrapperTraceListenerUnitTest.TestWriteStringAccuracy" executed="True" success="True" time="0.000" asserts="1" />
                      <test-case name="TopCoder.LoggingWrapper.EntLib.LoggingWrapperTraceListenerUnitTest.TestWriteStringCategoryAccuracy" executed="True" success="True" time="0.000" asserts="1" />
                      <test-case name="TopCoder.LoggingWrapper.EntLib.LoggingWrapperTraceListenerUnitTest.TestWriteStringCategoryWithErrorIgnore" executed="True" success="True" time="0.000" asserts="0" />
                      <test-case name="TopCoder.LoggingWrapper.EntLib.LoggingWrapperTraceListenerUnitTest.TestWriteStringWithErrorIgnore" executed="True" success="True" time="0.000" asserts="0" />
                    </results>
                  </test-suite>
                </results>
              </test-suite>
              <test-suite name="ExceptionSafeLoggerUnitTest" success="True" time="0.047" asserts="0">
                <results>
                  <test-case name="TopCoder.LoggingWrapper.ExceptionSafeLoggerUnitTest.TestCtorAccuracy" executed="True" success="True" time="0.000" asserts="4" />
                  <test-case name="TopCoder.LoggingWrapper.ExceptionSafeLoggerUnitTest.TestCtorWithNullExceptionLogger" executed="True" success="True" time="0.000" asserts="0" />
                  <test-case name="TopCoder.LoggingWrapper.ExceptionSafeLoggerUnitTest.TestCtorWithNullUnderlyingLogger" executed="True" success="True" time="0.000" asserts="0" />
                  <test-case name="TopCoder.LoggingWrapper.ExceptionSafeLoggerUnitTest.TestDisposeAccuracy" executed="True" success="True" time="0.000" asserts="2" />
                  <test-case name="TopCoder.LoggingWrapper.ExceptionSafeLoggerUnitTest.TestDisposeWitheExceptionLoggerError" executed="True" success="True" time="0.016" asserts="0" />
                  <test-case name="TopCoder.LoggingWrapper.ExceptionSafeLoggerUnitTest.TestDisposeWitheUnderlyingLoggerError" executed="True" success="True" time="0.000" asserts="0" />
                  <test-case name="TopCoder.LoggingWrapper.ExceptionSafeLoggerUnitTest.TestIsLevelEnabledAccuracy" executed="True" success="True" time="0.000" asserts="2" />
                  <test-case name="TopCoder.LoggingWrapper.ExceptionSafeLoggerUnitTest.TestIsLevelEnabledWithExceptionLoggerError" executed="True" success="True" time="0.000" asserts="0" />
                  <test-case name="TopCoder.LoggingWrapper.ExceptionSafeLoggerUnitTest.TestIsLevelEnabledWithUnderlyingLoggerError" executed="True" success="True" time="0.000" asserts="1" />
                  <test-case name="TopCoder.LoggingWrapper.ExceptionSafeLoggerUnitTest.TestLogAccuracy1" executed="True" success="True" time="0.000" asserts="5" />
                  <test-case name="TopCoder.LoggingWrapper.ExceptionSafeLoggerUnitTest.TestLogAccuracy2" executed="True" success="True" time="0.000" asserts="5" />
                  <test-case name="TopCoder.LoggingWrapper.ExceptionSafeLoggerUnitTest.TestLogNamedMessageAccuracy1" executed="True" success="True" time="0.000" asserts="5" />
                  <test-case name="TopCoder.LoggingWrapper.ExceptionSafeLoggerUnitTest.TestLogNamedMessageAccuracy2" executed="True" success="True" time="0.000" asserts="5" />
                  <test-case name="TopCoder.LoggingWrapper.ExceptionSafeLoggerUnitTest.TestLogNamedMessageAccuracy3" executed="True" success="True" time="0.016" asserts="5" />
                  <test-case name="TopCoder.LoggingWrapper.ExceptionSafeLoggerUnitTest.TestLogNamedMessageWithExceptionLoggerError1" executed="True" success="True" time="0.000" asserts="0" />
                  <test-case name="TopCoder.LoggingWrapper.ExceptionSafeLoggerUnitTest.TestLogNamedMessageWithExceptionLoggerError2" executed="True" success="True" time="0.000" asserts="0" />
                  <test-case name="TopCoder.LoggingWrapper.ExceptionSafeLoggerUnitTest.TestLogNamedMessageWithExceptionLoggerError3" executed="True" success="True" time="0.000" asserts="0" />
                  <test-case name="TopCoder.LoggingWrapper.ExceptionSafeLoggerUnitTest.TestLogNamedMessageWithUnderlyingLoggerError1" executed="True" success="True" time="0.000" asserts="1" />
                  <test-case name="TopCoder.LoggingWrapper.ExceptionSafeLoggerUnitTest.TestLogNamedMessageWithUnderlyingLoggerError2" executed="True" success="True" time="0.000" asserts="1" />
                  <test-case name="TopCoder.LoggingWrapper.ExceptionSafeLoggerUnitTest.TestLogNamedMessageWithUnderlyingLoggerError3" executed="True" success="True" time="0.000" asserts="1" />
                  <test-case name="TopCoder.LoggingWrapper.ExceptionSafeLoggerUnitTest.TestLogWithExceptionLoggerError1" executed="True" success="True" time="0.000" asserts="0" />
                  <test-case name="TopCoder.LoggingWrapper.ExceptionSafeLoggerUnitTest.TestLogWithExceptionLoggerError2" executed="True" success="True" time="0.000" asserts="0" />
                  <test-case name="TopCoder.LoggingWrapper.ExceptionSafeLoggerUnitTest.TestLogWithUnderlyingLoggerError1" executed="True" success="True" time="0.000" asserts="1" />
                  <test-case name="TopCoder.LoggingWrapper.ExceptionSafeLoggerUnitTest.TestLogWithUnderlyingLoggerError2" executed="True" success="True" time="0.016" asserts="1" />
                </results>
              </test-suite>
              <test-suite name="HelperUnitTest" success="True" time="0.031" asserts="0">
                <results>
                  <test-case name="TopCoder.LoggingWrapper.HelperUnitTest.TestGetBooleanAttributeWithBoolean" executed="True" success="True" time="0.000" asserts="1" />
                  <test-case name="TopCoder.LoggingWrapper.HelperUnitTest.TestGetBooleanAttributeWithDefault" executed="True" success="True" time="0.000" asserts="2" />
                  <test-case name="TopCoder.LoggingWrapper.HelperUnitTest.TestGetBooleanAttributeWithMalformedAttribute" executed="True" success="True" time="0.000" asserts="0" />
                  <test-case name="TopCoder.LoggingWrapper.HelperUnitTest.TestGetBooleanAttributeWithMultiply" executed="True" success="True" time="0.000" asserts="0" />
                  <test-case name="TopCoder.LoggingWrapper.HelperUnitTest.TestGetBooleanAttributeWithValid" executed="True" success="True" time="0.000" asserts="1" />
                  <test-case name="TopCoder.LoggingWrapper.HelperUnitTest.TestGetLevelAttributeWithDefault" executed="True" success="True" time="0.000" asserts="2" />
                  <test-case name="TopCoder.LoggingWrapper.HelperUnitTest.TestGetLevelAttributeWithMalformedAttribute" executed="True" success="True" time="0.000" asserts="0" />
                  <test-case name="TopCoder.LoggingWrapper.HelperUnitTest.TestGetLevelAttributeWithMultiply" executed="True" success="True" time="0.000" asserts="0" />
                  <test-case name="TopCoder.LoggingWrapper.HelperUnitTest.TestGetLevelAttributeWithValid" executed="True" success="True" time="0.000" asserts="1" />
                  <test-case name="TopCoder.LoggingWrapper.HelperUnitTest.TestGetStringAttributeWithEmpty" executed="True" success="True" time="0.000" asserts="0" />
                  <test-case name="TopCoder.LoggingWrapper.HelperUnitTest.TestGetStringAttributeWithMultiply" executed="True" success="True" time="0.000" asserts="0" />
                  <test-case name="TopCoder.LoggingWrapper.HelperUnitTest.TestGetStringAttributeWithOptionalAbsent" executed="True" success="True" time="0.000" asserts="1" />
                  <test-case name="TopCoder.LoggingWrapper.HelperUnitTest.TestGetStringAttributeWithOptionalExist" executed="True" success="True" time="0.000" asserts="1" />
                  <test-case name="TopCoder.LoggingWrapper.HelperUnitTest.TestGetStringAttributeWithRequiredAbsent" executed="True" success="True" time="0.000" asserts="0" />
                  <test-case name="TopCoder.LoggingWrapper.HelperUnitTest.TestGetStringAttributeWithRequiredExist" executed="True" success="True" time="0.000" asserts="1" />
                  <test-case name="TopCoder.LoggingWrapper.HelperUnitTest.TestGetStringListAttributeContainEmpty" executed="True" success="True" time="0.000" asserts="0" />
                  <test-case name="TopCoder.LoggingWrapper.HelperUnitTest.TestGetStringListAttributeWithOptionalAbsent" executed="True" success="True" time="0.000" asserts="1" />
                  <test-case name="TopCoder.LoggingWrapper.HelperUnitTest.TestGetStringListAttributeWithOptionalExist" executed="True" success="True" time="0.000" asserts="2" />
                  <test-case name="TopCoder.LoggingWrapper.HelperUnitTest.TestGetStringListAttributeWithRequiredAbsent" executed="True" success="True" time="0.000" asserts="0" />
                  <test-case name="TopCoder.LoggingWrapper.HelperUnitTest.TestGetStringListAttributeWithRequiredExist" executed="True" success="True" time="0.000" asserts="2" />
                  <test-case name="TopCoder.LoggingWrapper.HelperUnitTest.TestValidateLoggerNotNullWithNull" executed="True" success="True" time="0.000" asserts="0" />
                  <test-case name="TopCoder.LoggingWrapper.HelperUnitTest.TestValidateLoggerNotNullWithValid" executed="True" success="True" time="0.000" asserts="1" />
                  <test-case name="TopCoder.LoggingWrapper.HelperUnitTest.TestValidateNotEmptyStringWithEmpty" executed="True" success="True" time="0.000" asserts="0" />
                  <test-case name="TopCoder.LoggingWrapper.HelperUnitTest.TestValidateNotEmptyStringWithNotEmpty" executed="True" success="True" time="0.000" asserts="0" />
                  <test-case name="TopCoder.LoggingWrapper.HelperUnitTest.TestValidateNotEmptyStringWithNull" executed="True" success="True" time="0.000" asserts="0" />
                  <test-case name="TopCoder.LoggingWrapper.HelperUnitTest.TestValidateNotNullNotEmptyStringWithEmpty" executed="True" success="True" time="0.000" asserts="0" />
                  <test-case name="TopCoder.LoggingWrapper.HelperUnitTest.TestValidateNotNullNotEmptyStringWithNull" executed="True" success="True" time="0.000" asserts="0" />
                  <test-case name="TopCoder.LoggingWrapper.HelperUnitTest.TestValidateNotNullNotEmptyStringWithValid" executed="True" success="True" time="0.000" asserts="0" />
                  <test-case name="TopCoder.LoggingWrapper.HelperUnitTest.TestValidateNotNullWithNotNull" executed="True" success="True" time="0.000" asserts="0" />
                  <test-case name="TopCoder.LoggingWrapper.HelperUnitTest.TestValidateNotNullWithNull" executed="True" success="True" time="0.016" asserts="0" />
                </results>
              </test-suite>
              <test-suite name="LevelFilteredLoggerUnitTest" success="True" time="0.016" asserts="0">
                <results>
                  <test-case name="TopCoder.LoggingWrapper.LevelFilteredLoggerUnitTest.TestCtorAccuracy" executed="True" success="True" time="0.000" asserts="4" />
                  <test-case name="TopCoder.LoggingWrapper.LevelFilteredLoggerUnitTest.TestCtorWithNullFilteredLevels" executed="True" success="True" time="0.000" asserts="0" />
                  <test-case name="TopCoder.LoggingWrapper.LevelFilteredLoggerUnitTest.TestCtorWithNullLogger" executed="True" success="True" time="0.000" asserts="0" />
                  <test-case name="TopCoder.LoggingWrapper.LevelFilteredLoggerUnitTest.TestDisposeAccuracy" executed="True" success="True" time="0.000" asserts="1" />
                  <test-case name="TopCoder.LoggingWrapper.LevelFilteredLoggerUnitTest.TestIsLevelEnabledAccuracy" executed="True" success="True" time="0.016" asserts="2" />
                  <test-case name="TopCoder.LoggingWrapper.LevelFilteredLoggerUnitTest.TestLogNamedMessageIdentifierWithFiltered" executed="True" success="True" time="0.000" asserts="3" />
                  <test-case name="TopCoder.LoggingWrapper.LevelFilteredLoggerUnitTest.TestLogNamedMessageIdentifierWithoutFiltered" executed="True" success="True" time="0.000" asserts="5" />
                  <test-case name="TopCoder.LoggingWrapper.LevelFilteredLoggerUnitTest.TestLogNamedMessageWithFiltered" executed="True" success="True" time="0.000" asserts="3" />
                  <test-case name="TopCoder.LoggingWrapper.LevelFilteredLoggerUnitTest.TestLogNamedMessageWithoutFiltered" executed="True" success="True" time="0.000" asserts="5" />
                  <test-case name="TopCoder.LoggingWrapper.LevelFilteredLoggerUnitTest.TestLogWithFiltered" executed="True" success="True" time="0.000" asserts="3" />
                  <test-case name="TopCoder.LoggingWrapper.LevelFilteredLoggerUnitTest.TestLogWithoutFiltered" executed="True" success="True" time="0.000" asserts="5" />
                </results>
              </test-suite>
              <test-suite name="LevelUnitTest" success="True" time="0.000" asserts="0">
                <results>
                  <test-case name="TopCoder.LoggingWrapper.LevelUnitTest.TestLevel" executed="True" success="True" time="0.000" asserts="18" />
                </results>
              </test-suite>
              <test-suite name="Log4NETImplTest" success="True" time="0.125" asserts="0">
                <results>
                  <test-case name="TopCoder.LoggingWrapper.Log4NETImplTest.isFormatedEntryWriten" executed="True" success="True" time="0.109" asserts="1" />
                  <test-case name="TopCoder.LoggingWrapper.Log4NETImplTest.isSimpleEntryWriten" executed="True" success="True" time="0.000" asserts="1" />
                  <test-case name="TopCoder.LoggingWrapper.Log4NETImplTest.LogInitializedCorectly" executed="True" success="True" time="0.000" asserts="1" />
                </results>
              </test-suite>
              <test-suite name="Log4NETImplUnitTest" success="False" time="0.141" asserts="0">
                <results>
                  <test-case name="TopCoder.LoggingWrapper.Log4NETImplUnitTest.TestCtorAccuracy" executed="True" success="False" time="0.016" asserts="0">
                    <failure>
                      <message><![CDATA[TopCoder.LoggingWrapper.ConfigException : Unable to load '..\..\test_files\log4net.config' for Log4NET]]></message>
                      <stack-trace><![CDATA[在 TopCoder.LoggingWrapper.Log4NETImpl..ctor(IConfiguration configuration) 位置 e:\devTools\workspace\sts_2_3\logging_wrapper\src\csharp\main\TopCoder\LoggingWrapper\Log4NETImpl.cs:行号 459
在 TopCoder.LoggingWrapper.Log4NETImplUnitTest.SetUp() 位置 e:\devTools\workspace\sts_2_3\logging_wrapper\src\csharp\tests\TopCoder\LoggingWrapper\Log4NETImplUnitTest.cs:行号 148
]]></stack-trace>
                    </failure>
                  </test-case>
                  <test-case name="TopCoder.LoggingWrapper.Log4NETImplUnitTest.TestCtorWithInvalidUrl" executed="True" success="False" time="0.000" asserts="0">
                    <failure>
                      <message><![CDATA[TopCoder.LoggingWrapper.ConfigException : Unable to load '..\..\test_files\log4net.config' for Log4NET]]></message>
                      <stack-trace><![CDATA[在 TopCoder.LoggingWrapper.Log4NETImpl..ctor(IConfiguration configuration) 位置 e:\devTools\workspace\sts_2_3\logging_wrapper\src\csharp\main\TopCoder\LoggingWrapper\Log4NETImpl.cs:行号 459
在 TopCoder.LoggingWrapper.Log4NETImplUnitTest.SetUp() 位置 e:\devTools\workspace\sts_2_3\logging_wrapper\src\csharp\tests\TopCoder\LoggingWrapper\Log4NETImplUnitTest.cs:行号 148
]]></stack-trace>
                    </failure>
                  </test-case>
                  <test-case name="TopCoder.LoggingWrapper.Log4NETImplUnitTest.TestCtorWithNull" executed="True" success="False" time="0.000" asserts="0">
                    <failure>
                      <message><![CDATA[TopCoder.LoggingWrapper.ConfigException : Unable to load '..\..\test_files\log4net.config' for Log4NET]]></message>
                      <stack-trace><![CDATA[在 TopCoder.LoggingWrapper.Log4NETImpl..ctor(IConfiguration configuration) 位置 e:\devTools\workspace\sts_2_3\logging_wrapper\src\csharp\main\TopCoder\LoggingWrapper\Log4NETImpl.cs:行号 459
在 TopCoder.LoggingWrapper.Log4NETImplUnitTest.SetUp() 位置 e:\devTools\workspace\sts_2_3\logging_wrapper\src\csharp\tests\TopCoder\LoggingWrapper\Log4NETImplUnitTest.cs:行号 148
]]></stack-trace>
                    </failure>
                  </test-case>
                  <test-case name="TopCoder.LoggingWrapper.Log4NETImplUnitTest.TestCtorWithUrlAbsent" executed="True" success="False" time="0.000" asserts="0">
                    <failure>
                      <message><![CDATA[TopCoder.LoggingWrapper.ConfigException : Unable to load '..\..\test_files\log4net.config' for Log4NET]]></message>
                      <stack-trace><![CDATA[在 TopCoder.LoggingWrapper.Log4NETImpl..ctor(IConfiguration configuration) 位置 e:\devTools\workspace\sts_2_3\logging_wrapper\src\csharp\main\TopCoder\LoggingWrapper\Log4NETImpl.cs:行号 459
在 TopCoder.LoggingWrapper.Log4NETImplUnitTest.SetUp() 位置 e:\devTools\workspace\sts_2_3\logging_wrapper\src\csharp\tests\TopCoder\LoggingWrapper\Log4NETImplUnitTest.cs:行号 148
]]></stack-trace>
                    </failure>
                  </test-case>
                  <test-case name="TopCoder.LoggingWrapper.Log4NETImplUnitTest.TestDisposeAccuracy" executed="True" success="False" time="0.000" asserts="0">
                    <failure>
                      <message><![CDATA[TopCoder.LoggingWrapper.ConfigException : Unable to load '..\..\test_files\log4net.config' for Log4NET]]></message>
                      <stack-trace><![CDATA[在 TopCoder.LoggingWrapper.Log4NETImpl..ctor(IConfiguration configuration) 位置 e:\devTools\workspace\sts_2_3\logging_wrapper\src\csharp\main\TopCoder\LoggingWrapper\Log4NETImpl.cs:行号 459
在 TopCoder.LoggingWrapper.Log4NETImplUnitTest.SetUp() 位置 e:\devTools\workspace\sts_2_3\logging_wrapper\src\csharp\tests\TopCoder\LoggingWrapper\Log4NETImplUnitTest.cs:行号 148
]]></stack-trace>
                    </failure>
                  </test-case>
                  <test-case name="TopCoder.LoggingWrapper.Log4NETImplUnitTest.TestInitializeZeroConfigurationAttributeExist" executed="True" success="False" time="0.000" asserts="0">
                    <failure>
                      <message><![CDATA[TopCoder.LoggingWrapper.ConfigException : Unable to load '..\..\test_files\log4net.config' for Log4NET]]></message>
                      <stack-trace><![CDATA[在 TopCoder.LoggingWrapper.Log4NETImpl..ctor(IConfiguration configuration) 位置 e:\devTools\workspace\sts_2_3\logging_wrapper\src\csharp\main\TopCoder\LoggingWrapper\Log4NETImpl.cs:行号 459
在 TopCoder.LoggingWrapper.Log4NETImplUnitTest.SetUp() 位置 e:\devTools\workspace\sts_2_3\logging_wrapper\src\csharp\tests\TopCoder\LoggingWrapper\Log4NETImplUnitTest.cs:行号 148
]]></stack-trace>
                    </failure>
                  </test-case>
                  <test-case name="TopCoder.LoggingWrapper.Log4NETImplUnitTest.TestInitializeZeroConfigurationBothExist" executed="True" success="False" time="0.000" asserts="0">
                    <failure>
                      <message><![CDATA[TopCoder.LoggingWrapper.ConfigException : Unable to load '..\..\test_files\log4net.config' for Log4NET]]></message>
                      <stack-trace><![CDATA[在 TopCoder.LoggingWrapper.Log4NETImpl..ctor(IConfiguration configuration) 位置 e:\devTools\workspace\sts_2_3\logging_wrapper\src\csharp\main\TopCoder\LoggingWrapper\Log4NETImpl.cs:行号 459
在 TopCoder.LoggingWrapper.Log4NETImplUnitTest.SetUp() 位置 e:\devTools\workspace\sts_2_3\logging_wrapper\src\csharp\tests\TopCoder\LoggingWrapper\Log4NETImplUnitTest.cs:行号 148
]]></stack-trace>
                    </failure>
                  </test-case>
                  <test-case name="TopCoder.LoggingWrapper.Log4NETImplUnitTest.TestInitializeZeroConfigurationFileExist" executed="True" success="False" time="0.000" asserts="0">
                    <failure>
                      <message><![CDATA[TopCoder.LoggingWrapper.ConfigException : Unable to load '..\..\test_files\log4net.config' for Log4NET]]></message>
                      <stack-trace><![CDATA[在 TopCoder.LoggingWrapper.Log4NETImpl..ctor(IConfiguration configuration) 位置 e:\devTools\workspace\sts_2_3\logging_wrapper\src\csharp\main\TopCoder\LoggingWrapper\Log4NETImpl.cs:行号 459
在 TopCoder.LoggingWrapper.Log4NETImplUnitTest.SetUp() 位置 e:\devTools\workspace\sts_2_3\logging_wrapper\src\csharp\tests\TopCoder\LoggingWrapper\Log4NETImplUnitTest.cs:行号 148
]]></stack-trace>
                    </failure>
                  </test-case>
                  <test-case name="TopCoder.LoggingWrapper.Log4NETImplUnitTest.TestInitializeZeroConfigurationNeitherExist" executed="True" success="False" time="0.000" asserts="0">
                    <failure>
                      <message><![CDATA[TopCoder.LoggingWrapper.ConfigException : Unable to load '..\..\test_files\log4net.config' for Log4NET]]></message>
                      <stack-trace><![CDATA[在 TopCoder.LoggingWrapper.Log4NETImpl..ctor(IConfiguration configuration) 位置 e:\devTools\workspace\sts_2_3\logging_wrapper\src\csharp\main\TopCoder\LoggingWrapper\Log4NETImpl.cs:行号 459
在 TopCoder.LoggingWrapper.Log4NETImplUnitTest.SetUp() 位置 e:\devTools\workspace\sts_2_3\logging_wrapper\src\csharp\tests\TopCoder\LoggingWrapper\Log4NETImplUnitTest.cs:行号 148
]]></stack-trace>
                    </failure>
                  </test-case>
                  <test-case name="TopCoder.LoggingWrapper.Log4NETImplUnitTest.TestInitializeZeroConfigurationWithCertification" executed="True" success="False" time="0.000" asserts="0">
                    <failure>
                      <message><![CDATA[TopCoder.LoggingWrapper.ConfigException : Unable to load '..\..\test_files\log4net.config' for Log4NET]]></message>
                      <stack-trace><![CDATA[在 TopCoder.LoggingWrapper.Log4NETImpl..ctor(IConfiguration configuration) 位置 e:\devTools\workspace\sts_2_3\logging_wrapper\src\csharp\main\TopCoder\LoggingWrapper\Log4NETImpl.cs:行号 459
在 TopCoder.LoggingWrapper.Log4NETImplUnitTest.SetUp() 位置 e:\devTools\workspace\sts_2_3\logging_wrapper\src\csharp\tests\TopCoder\LoggingWrapper\Log4NETImplUnitTest.cs:行号 148
]]></stack-trace>
                    </failure>
                  </test-case>
                  <test-case name="TopCoder.LoggingWrapper.Log4NETImplUnitTest.TestInitializeZeroConfigurationWithClientDebug" executed="True" success="False" time="0.000" asserts="0">
                    <failure>
                      <message><![CDATA[TopCoder.LoggingWrapper.ConfigException : Unable to load '..\..\test_files\log4net.config' for Log4NET]]></message>
                      <stack-trace><![CDATA[在 TopCoder.LoggingWrapper.Log4NETImpl..ctor(IConfiguration configuration) 位置 e:\devTools\workspace\sts_2_3\logging_wrapper\src\csharp\main\TopCoder\LoggingWrapper\Log4NETImpl.cs:行号 459
在 TopCoder.LoggingWrapper.Log4NETImplUnitTest.SetUp() 位置 e:\devTools\workspace\sts_2_3\logging_wrapper\src\csharp\tests\TopCoder\LoggingWrapper\Log4NETImplUnitTest.cs:行号 148
]]></stack-trace>
                    </failure>
                  </test-case>
                  <test-case name="TopCoder.LoggingWrapper.Log4NETImplUnitTest.TestInitializeZeroConfigurationWithClientStress" executed="True" success="False" time="0.000" asserts="0">
                    <failure>
                      <message><![CDATA[TopCoder.LoggingWrapper.ConfigException : Unable to load '..\..\test_files\log4net.config' for Log4NET]]></message>
                      <stack-trace><![CDATA[在 TopCoder.LoggingWrapper.Log4NETImpl..ctor(IConfiguration configuration) 位置 e:\devTools\workspace\sts_2_3\logging_wrapper\src\csharp\main\TopCoder\LoggingWrapper\Log4NETImpl.cs:行号 459
在 TopCoder.LoggingWrapper.Log4NETImplUnitTest.SetUp() 位置 e:\devTools\workspace\sts_2_3\logging_wrapper\src\csharp\tests\TopCoder\LoggingWrapper\Log4NETImplUnitTest.cs:行号 148
]]></stack-trace>
                    </failure>
                  </test-case>
                  <test-case name="TopCoder.LoggingWrapper.Log4NETImplUnitTest.TestInitializeZeroConfigurationWithComponent" executed="True" success="False" time="0.016" asserts="0">
                    <failure>
                      <message><![CDATA[TopCoder.LoggingWrapper.ConfigException : Unable to load '..\..\test_files\log4net.config' for Log4NET]]></message>
                      <stack-trace><![CDATA[在 TopCoder.LoggingWrapper.Log4NETImpl..ctor(IConfiguration configuration) 位置 e:\devTools\workspace\sts_2_3\logging_wrapper\src\csharp\main\TopCoder\LoggingWrapper\Log4NETImpl.cs:行号 459
在 TopCoder.LoggingWrapper.Log4NETImplUnitTest.SetUp() 位置 e:\devTools\workspace\sts_2_3\logging_wrapper\src\csharp\tests\TopCoder\LoggingWrapper\Log4NETImplUnitTest.cs:行号 148
]]></stack-trace>
                    </failure>
                  </test-case>
                  <test-case name="TopCoder.LoggingWrapper.Log4NETImplUnitTest.TestInitializeZeroConfigurationWithConfigurationError" executed="True" success="False" time="0.000" asserts="0">
                    <failure>
                      <message><![CDATA[TopCoder.LoggingWrapper.ConfigException : Unable to load '..\..\test_files\log4net.config' for Log4NET]]></message>
                      <stack-trace><![CDATA[在 TopCoder.LoggingWrapper.Log4NETImpl..ctor(IConfiguration configuration) 位置 e:\devTools\workspace\sts_2_3\logging_wrapper\src\csharp\main\TopCoder\LoggingWrapper\Log4NETImpl.cs:行号 459
在 TopCoder.LoggingWrapper.Log4NETImplUnitTest.SetUp() 位置 e:\devTools\workspace\sts_2_3\logging_wrapper\src\csharp\tests\TopCoder\LoggingWrapper\Log4NETImplUnitTest.cs:行号 148
]]></stack-trace>
                    </failure>
                  </test-case>
                  <test-case name="TopCoder.LoggingWrapper.Log4NETImplUnitTest.TestInitializeZeroConfigurationWithNullConfiguration" executed="True" success="False" time="0.000" asserts="0">
                    <failure>
                      <message><![CDATA[TopCoder.LoggingWrapper.ConfigException : Unable to load '..\..\test_files\log4net.config' for Log4NET]]></message>
                      <stack-trace><![CDATA[在 TopCoder.LoggingWrapper.Log4NETImpl..ctor(IConfiguration configuration) 位置 e:\devTools\workspace\sts_2_3\logging_wrapper\src\csharp\main\TopCoder\LoggingWrapper\Log4NETImpl.cs:行号 459
在 TopCoder.LoggingWrapper.Log4NETImplUnitTest.SetUp() 位置 e:\devTools\workspace\sts_2_3\logging_wrapper\src\csharp\tests\TopCoder\LoggingWrapper\Log4NETImplUnitTest.cs:行号 148
]]></stack-trace>
                    </failure>
                  </test-case>
                  <test-case name="TopCoder.LoggingWrapper.Log4NETImplUnitTest.TestInitializeZeroConfigurationWithRelease" executed="True" success="False" time="0.000" asserts="0">
                    <failure>
                      <message><![CDATA[TopCoder.LoggingWrapper.ConfigException : Unable to load '..\..\test_files\log4net.config' for Log4NET]]></message>
                      <stack-trace><![CDATA[在 TopCoder.LoggingWrapper.Log4NETImpl..ctor(IConfiguration configuration) 位置 e:\devTools\workspace\sts_2_3\logging_wrapper\src\csharp\main\TopCoder\LoggingWrapper\Log4NETImpl.cs:行号 459
在 TopCoder.LoggingWrapper.Log4NETImplUnitTest.SetUp() 位置 e:\devTools\workspace\sts_2_3\logging_wrapper\src\csharp\tests\TopCoder\LoggingWrapper\Log4NETImplUnitTest.cs:行号 148
]]></stack-trace>
                    </failure>
                  </test-case>
                  <test-case name="TopCoder.LoggingWrapper.Log4NETImplUnitTest.TestInitializeZeroConfigurationWithTest" executed="True" success="False" time="0.000" asserts="0">
                    <failure>
                      <message><![CDATA[TopCoder.LoggingWrapper.ConfigException : Unable to load '..\..\test_files\log4net.config' for Log4NET]]></message>
                      <stack-trace><![CDATA[在 TopCoder.LoggingWrapper.Log4NETImpl..ctor(IConfiguration configuration) 位置 e:\devTools\workspace\sts_2_3\logging_wrapper\src\csharp\main\TopCoder\LoggingWrapper\Log4NETImpl.cs:行号 459
在 TopCoder.LoggingWrapper.Log4NETImplUnitTest.SetUp() 位置 e:\devTools\workspace\sts_2_3\logging_wrapper\src\csharp\tests\TopCoder\LoggingWrapper\Log4NETImplUnitTest.cs:行号 148
]]></stack-trace>
                    </failure>
                  </test-case>
                  <test-case name="TopCoder.LoggingWrapper.Log4NETImplUnitTest.TestIsLevelEnabledAccuracy" executed="True" success="False" time="0.000" asserts="0">
                    <failure>
                      <message><![CDATA[TopCoder.LoggingWrapper.ConfigException : Unable to load '..\..\test_files\log4net.config' for Log4NET]]></message>
                      <stack-trace><![CDATA[在 TopCoder.LoggingWrapper.Log4NETImpl..ctor(IConfiguration configuration) 位置 e:\devTools\workspace\sts_2_3\logging_wrapper\src\csharp\main\TopCoder\LoggingWrapper\Log4NETImpl.cs:行号 459
在 TopCoder.LoggingWrapper.Log4NETImplUnitTest.SetUp() 位置 e:\devTools\workspace\sts_2_3\logging_wrapper\src\csharp\tests\TopCoder\LoggingWrapper\Log4NETImplUnitTest.cs:行号 148
]]></stack-trace>
                    </failure>
                  </test-case>
                  <test-case name="TopCoder.LoggingWrapper.Log4NETImplUnitTest.TestLog4NETLevel" executed="True" success="False" time="0.000" asserts="0">
                    <failure>
                      <message><![CDATA[TopCoder.LoggingWrapper.ConfigException : Unable to load '..\..\test_files\log4net.config' for Log4NET]]></message>
                      <stack-trace><![CDATA[在 TopCoder.LoggingWrapper.Log4NETImpl..ctor(IConfiguration configuration) 位置 e:\devTools\workspace\sts_2_3\logging_wrapper\src\csharp\main\TopCoder\LoggingWrapper\Log4NETImpl.cs:行号 459
在 TopCoder.LoggingWrapper.Log4NETImplUnitTest.SetUp() 位置 e:\devTools\workspace\sts_2_3\logging_wrapper\src\csharp\tests\TopCoder\LoggingWrapper\Log4NETImplUnitTest.cs:行号 148
]]></stack-trace>
                    </failure>
                  </test-case>
                  <test-case name="TopCoder.LoggingWrapper.Log4NETImplUnitTest.TestLogAccuracy" executed="True" success="False" time="0.000" asserts="0">
                    <failure>
                      <message><![CDATA[TopCoder.LoggingWrapper.ConfigException : Unable to load '..\..\test_files\log4net.config' for Log4NET]]></message>
                      <stack-trace><![CDATA[在 TopCoder.LoggingWrapper.Log4NETImpl..ctor(IConfiguration configuration) 位置 e:\devTools\workspace\sts_2_3\logging_wrapper\src\csharp\main\TopCoder\LoggingWrapper\Log4NETImpl.cs:行号 459
在 TopCoder.LoggingWrapper.Log4NETImplUnitTest.SetUp() 位置 e:\devTools\workspace\sts_2_3\logging_wrapper\src\csharp\tests\TopCoder\LoggingWrapper\Log4NETImplUnitTest.cs:行号 148
]]></stack-trace>
                    </failure>
                  </test-case>
                  <test-case name="TopCoder.LoggingWrapper.Log4NETImplUnitTest.TestLogLevelMapping" executed="True" success="False" time="0.000" asserts="0">
                    <failure>
                      <message><![CDATA[TopCoder.LoggingWrapper.ConfigException : Unable to load '..\..\test_files\log4net.config' for Log4NET]]></message>
                      <stack-trace><![CDATA[在 TopCoder.LoggingWrapper.Log4NETImpl..ctor(IConfiguration configuration) 位置 e:\devTools\workspace\sts_2_3\logging_wrapper\src\csharp\main\TopCoder\LoggingWrapper\Log4NETImpl.cs:行号 459
在 TopCoder.LoggingWrapper.Log4NETImplUnitTest.SetUp() 位置 e:\devTools\workspace\sts_2_3\logging_wrapper\src\csharp\tests\TopCoder\LoggingWrapper\Log4NETImplUnitTest.cs:行号 148
]]></stack-trace>
                    </failure>
                  </test-case>
                  <test-case name="TopCoder.LoggingWrapper.Log4NETImplUnitTest.TestLogNamedMessageAccuracy" executed="True" success="False" time="0.000" asserts="0">
                    <failure>
                      <message><![CDATA[TopCoder.LoggingWrapper.ConfigException : Unable to load '..\..\test_files\log4net.config' for Log4NET]]></message>
                      <stack-trace><![CDATA[在 TopCoder.LoggingWrapper.Log4NETImpl..ctor(IConfiguration configuration) 位置 e:\devTools\workspace\sts_2_3\logging_wrapper\src\csharp\main\TopCoder\LoggingWrapper\Log4NETImpl.cs:行号 459
在 TopCoder.LoggingWrapper.Log4NETImplUnitTest.SetUp() 位置 e:\devTools\workspace\sts_2_3\logging_wrapper\src\csharp\tests\TopCoder\LoggingWrapper\Log4NETImplUnitTest.cs:行号 148
]]></stack-trace>
                    </failure>
                  </test-case>
                  <test-case name="TopCoder.LoggingWrapper.Log4NETImplUnitTest.TestLogNamedMessageLevelMapping" executed="True" success="False" time="0.000" asserts="0">
                    <failure>
                      <message><![CDATA[TopCoder.LoggingWrapper.ConfigException : Unable to load '..\..\test_files\log4net.config' for Log4NET]]></message>
                      <stack-trace><![CDATA[在 TopCoder.LoggingWrapper.Log4NETImpl..ctor(IConfiguration configuration) 位置 e:\devTools\workspace\sts_2_3\logging_wrapper\src\csharp\main\TopCoder\LoggingWrapper\Log4NETImpl.cs:行号 459
在 TopCoder.LoggingWrapper.Log4NETImplUnitTest.SetUp() 位置 e:\devTools\workspace\sts_2_3\logging_wrapper\src\csharp\tests\TopCoder\LoggingWrapper\Log4NETImplUnitTest.cs:行号 148
]]></stack-trace>
                    </failure>
                  </test-case>
                  <test-case name="TopCoder.LoggingWrapper.Log4NETImplUnitTest.TestLogNamedMessageWithNullNamedMessage" executed="True" success="False" time="0.000" asserts="0">
                    <failure>
                      <message><![CDATA[TopCoder.LoggingWrapper.ConfigException : Unable to load '..\..\test_files\log4net.config' for Log4NET]]></message>
                      <stack-trace><![CDATA[在 TopCoder.LoggingWrapper.Log4NETImpl..ctor(IConfiguration configuration) 位置 e:\devTools\workspace\sts_2_3\logging_wrapper\src\csharp\main\TopCoder\LoggingWrapper\Log4NETImpl.cs:行号 459
在 TopCoder.LoggingWrapper.Log4NETImplUnitTest.SetUp() 位置 e:\devTools\workspace\sts_2_3\logging_wrapper\src\csharp\tests\TopCoder\LoggingWrapper\Log4NETImplUnitTest.cs:行号 148
]]></stack-trace>
                    </failure>
                  </test-case>
                  <test-case name="TopCoder.LoggingWrapper.Log4NETImplUnitTest.TestLogNamedMessageWithNullParameters" executed="True" success="False" time="0.000" asserts="0">
                    <failure>
                      <message><![CDATA[TopCoder.LoggingWrapper.ConfigException : Unable to load '..\..\test_files\log4net.config' for Log4NET]]></message>
                      <stack-trace><![CDATA[在 TopCoder.LoggingWrapper.Log4NETImpl..ctor(IConfiguration configuration) 位置 e:\devTools\workspace\sts_2_3\logging_wrapper\src\csharp\main\TopCoder\LoggingWrapper\Log4NETImpl.cs:行号 459
在 TopCoder.LoggingWrapper.Log4NETImplUnitTest.SetUp() 位置 e:\devTools\workspace\sts_2_3\logging_wrapper\src\csharp\tests\TopCoder\LoggingWrapper\Log4NETImplUnitTest.cs:行号 148
]]></stack-trace>
                    </failure>
                  </test-case>
                  <test-case name="TopCoder.LoggingWrapper.Log4NETImplUnitTest.TestLogNamedMessageWithOFF" executed="True" success="False" time="0.016" asserts="0">
                    <failure>
                      <message><![CDATA[TopCoder.LoggingWrapper.ConfigException : Unable to load '..\..\test_files\log4net.config' for Log4NET]]></message>
                      <stack-trace><![CDATA[在 TopCoder.LoggingWrapper.Log4NETImpl..ctor(IConfiguration configuration) 位置 e:\devTools\workspace\sts_2_3\logging_wrapper\src\csharp\main\TopCoder\LoggingWrapper\Log4NETImpl.cs:行号 459
在 TopCoder.LoggingWrapper.Log4NETImplUnitTest.SetUp() 位置 e:\devTools\workspace\sts_2_3\logging_wrapper\src\csharp\tests\TopCoder\LoggingWrapper\Log4NETImplUnitTest.cs:行号 148
]]></stack-trace>
                    </failure>
                  </test-case>
                  <test-case name="TopCoder.LoggingWrapper.Log4NETImplUnitTest.TestLogNamedMessageWithParametersNotMatch" executed="True" success="False" time="0.000" asserts="0">
                    <failure>
                      <message><![CDATA[TopCoder.LoggingWrapper.ConfigException : Unable to load '..\..\test_files\log4net.config' for Log4NET]]></message>
                      <stack-trace><![CDATA[在 TopCoder.LoggingWrapper.Log4NETImpl..ctor(IConfiguration configuration) 位置 e:\devTools\workspace\sts_2_3\logging_wrapper\src\csharp\main\TopCoder\LoggingWrapper\Log4NETImpl.cs:行号 459
在 TopCoder.LoggingWrapper.Log4NETImplUnitTest.SetUp() 位置 e:\devTools\workspace\sts_2_3\logging_wrapper\src\csharp\tests\TopCoder\LoggingWrapper\Log4NETImplUnitTest.cs:行号 148
]]></stack-trace>
                    </failure>
                  </test-case>
                  <test-case name="TopCoder.LoggingWrapper.Log4NETImplUnitTest.TestLogWithMalformedMessage" executed="True" success="False" time="0.000" asserts="0">
                    <failure>
                      <message><![CDATA[TopCoder.LoggingWrapper.ConfigException : Unable to load '..\..\test_files\log4net.config' for Log4NET]]></message>
                      <stack-trace><![CDATA[在 TopCoder.LoggingWrapper.Log4NETImpl..ctor(IConfiguration configuration) 位置 e:\devTools\workspace\sts_2_3\logging_wrapper\src\csharp\main\TopCoder\LoggingWrapper\Log4NETImpl.cs:行号 459
在 TopCoder.LoggingWrapper.Log4NETImplUnitTest.SetUp() 位置 e:\devTools\workspace\sts_2_3\logging_wrapper\src\csharp\tests\TopCoder\LoggingWrapper\Log4NETImplUnitTest.cs:行号 148
]]></stack-trace>
                    </failure>
                  </test-case>
                  <test-case name="TopCoder.LoggingWrapper.Log4NETImplUnitTest.TestLogWithNullMessage" executed="True" success="False" time="0.000" asserts="0">
                    <failure>
                      <message><![CDATA[TopCoder.LoggingWrapper.ConfigException : Unable to load '..\..\test_files\log4net.config' for Log4NET]]></message>
                      <stack-trace><![CDATA[在 TopCoder.LoggingWrapper.Log4NETImpl..ctor(IConfiguration configuration) 位置 e:\devTools\workspace\sts_2_3\logging_wrapper\src\csharp\main\TopCoder\LoggingWrapper\Log4NETImpl.cs:行号 459
在 TopCoder.LoggingWrapper.Log4NETImplUnitTest.SetUp() 位置 e:\devTools\workspace\sts_2_3\logging_wrapper\src\csharp\tests\TopCoder\LoggingWrapper\Log4NETImplUnitTest.cs:行号 148
]]></stack-trace>
                    </failure>
                  </test-case>
                  <test-case name="TopCoder.LoggingWrapper.Log4NETImplUnitTest.TestLogWithNullParameters" executed="True" success="False" time="0.000" asserts="0">
                    <failure>
                      <message><![CDATA[TopCoder.LoggingWrapper.ConfigException : Unable to load '..\..\test_files\log4net.config' for Log4NET]]></message>
                      <stack-trace><![CDATA[在 TopCoder.LoggingWrapper.Log4NETImpl..ctor(IConfiguration configuration) 位置 e:\devTools\workspace\sts_2_3\logging_wrapper\src\csharp\main\TopCoder\LoggingWrapper\Log4NETImpl.cs:行号 459
在 TopCoder.LoggingWrapper.Log4NETImplUnitTest.SetUp() 位置 e:\devTools\workspace\sts_2_3\logging_wrapper\src\csharp\tests\TopCoder\LoggingWrapper\Log4NETImplUnitTest.cs:行号 148
]]></stack-trace>
                    </failure>
                  </test-case>
                  <test-case name="TopCoder.LoggingWrapper.Log4NETImplUnitTest.TestLogWithOFF" executed="True" success="False" time="0.000" asserts="0">
                    <failure>
                      <message><![CDATA[TopCoder.LoggingWrapper.ConfigException : Unable to load '..\..\test_files\log4net.config' for Log4NET]]></message>
                      <stack-trace><![CDATA[在 TopCoder.LoggingWrapper.Log4NETImpl..ctor(IConfiguration configuration) 位置 e:\devTools\workspace\sts_2_3\logging_wrapper\src\csharp\main\TopCoder\LoggingWrapper\Log4NETImpl.cs:行号 459
在 TopCoder.LoggingWrapper.Log4NETImplUnitTest.SetUp() 位置 e:\devTools\workspace\sts_2_3\logging_wrapper\src\csharp\tests\TopCoder\LoggingWrapper\Log4NETImplUnitTest.cs:行号 148
]]></stack-trace>
                    </failure>
                  </test-case>
                </results>
              </test-suite>
              <test-suite name="LoggerUnitTest" success="True" time="0.047" asserts="0">
                <results>
                  <test-case name="TopCoder.LoggingWrapper.LoggerUnitTest.TestCtorAccuracy1" executed="True" success="True" time="0.000" asserts="4" />
                  <test-case name="TopCoder.LoggingWrapper.LoggerUnitTest.TestCtorAccuracy2" executed="True" success="True" time="0.000" asserts="1" />
                  <test-case name="TopCoder.LoggingWrapper.LoggerUnitTest.TestCtorAccuracy3" executed="True" success="True" time="0.000" asserts="1" />
                  <test-case name="TopCoder.LoggingWrapper.LoggerUnitTest.TestCtorConfigAccuracy" executed="True" success="True" time="0.000" asserts="11" />
                  <test-case name="TopCoder.LoggingWrapper.LoggerUnitTest.TestCtorConfigNoDefaultLevel" executed="True" success="True" time="0.000" asserts="1" />
                  <test-case name="TopCoder.LoggingWrapper.LoggerUnitTest.TestCtorConfigNoDefaultLevelInNamedMessage" executed="True" success="True" time="0.000" asserts="1" />
                  <test-case name="TopCoder.LoggingWrapper.LoggerUnitTest.TestCtorConfigNoNamedMessages" executed="True" success="True" time="0.000" asserts="1" />
                  <test-case name="TopCoder.LoggingWrapper.LoggerUnitTest.TestCtorConfigNoParametersInNamedMessage" executed="True" success="True" time="0.000" asserts="1" />
                  <test-case name="TopCoder.LoggingWrapper.LoggerUnitTest.TestCtorWithEmptyKeyInDictionary" executed="True" success="True" time="0.000" asserts="0" />
                  <test-case name="TopCoder.LoggingWrapper.LoggerUnitTest.TestCtorWithInvalidDefaultLevel" executed="True" success="True" time="0.000" asserts="0" />
                  <test-case name="TopCoder.LoggingWrapper.LoggerUnitTest.TestCtorWithInvalidDefaultLevelInNamedMessge" executed="True" success="True" time="0.000" asserts="0" />
                  <test-case name="TopCoder.LoggingWrapper.LoggerUnitTest.TestCtorWithInvalidLoggerName" executed="True" success="True" time="0.000" asserts="0" />
                  <test-case name="TopCoder.LoggingWrapper.LoggerUnitTest.TestCtorWithInvalidParametersInNamedMessge" executed="True" success="True" time="0.000" asserts="0" />
                  <test-case name="TopCoder.LoggingWrapper.LoggerUnitTest.TestCtorWithInvalidTextInNamedMessage" executed="True" success="True" time="0.000" asserts="0" />
                  <test-case name="TopCoder.LoggingWrapper.LoggerUnitTest.TestCtorWithMultiplyDefaultLevel" executed="True" success="True" time="0.000" asserts="0" />
                  <test-case name="TopCoder.LoggingWrapper.LoggerUnitTest.TestCtorWithMultiplyDefaultLevelInNamedMessge" executed="True" success="True" time="0.000" asserts="0" />
                  <test-case name="TopCoder.LoggingWrapper.LoggerUnitTest.TestCtorWithMutiplyLoggerName" executed="True" success="True" time="0.000" asserts="0" />
                  <test-case name="TopCoder.LoggingWrapper.LoggerUnitTest.TestCtorWithMutiplyTextInNamedMessage" executed="True" success="True" time="0.000" asserts="0" />
                  <test-case name="TopCoder.LoggingWrapper.LoggerUnitTest.TestCtorWithNullConfiguration" executed="True" success="True" time="0.000" asserts="0" />
                  <test-case name="TopCoder.LoggingWrapper.LoggerUnitTest.TestCtorWithNullDictionary" executed="True" success="True" time="0.000" asserts="0" />
                  <test-case name="TopCoder.LoggingWrapper.LoggerUnitTest.TestCtorWithNullValueInDictionary" executed="True" success="True" time="0.000" asserts="0" />
                  <test-case name="TopCoder.LoggingWrapper.LoggerUnitTest.TestCtorWithoutLoggerName" executed="True" success="True" time="0.000" asserts="0" />
                  <test-case name="TopCoder.LoggingWrapper.LoggerUnitTest.TestCtorWithoutTextInNamedMessage" executed="True" success="True" time="0.000" asserts="0" />
                  <test-case name="TopCoder.LoggingWrapper.LoggerUnitTest.TestLogAccuracy" executed="True" success="True" time="0.000" asserts="1" />
                  <test-case name="TopCoder.LoggingWrapper.LoggerUnitTest.TestLogNamedMessageAccuracy1" executed="True" success="True" time="0.000" asserts="4" />
                  <test-case name="TopCoder.LoggingWrapper.LoggerUnitTest.TestLogNamedMessageAccuracy2" executed="True" success="True" time="0.000" asserts="4" />
                  <test-case name="TopCoder.LoggingWrapper.LoggerUnitTest.TestLogNamedMessageAccuracy3" executed="True" success="True" time="0.000" asserts="4" />
                  <test-case name="TopCoder.LoggingWrapper.LoggerUnitTest.TestLogNamedMessageWithEmptyString1" executed="True" success="True" time="0.000" asserts="0" />
                  <test-case name="TopCoder.LoggingWrapper.LoggerUnitTest.TestLogNamedMessageWithEmptyString2" executed="True" success="True" time="0.000" asserts="0" />
                  <test-case name="TopCoder.LoggingWrapper.LoggerUnitTest.TestLogNamedMessageWithException" executed="True" success="True" time="0.000" asserts="0" />
                  <test-case name="TopCoder.LoggingWrapper.LoggerUnitTest.TestLogNamedMessageWithNameNoFound1" executed="True" success="True" time="0.000" asserts="0" />
                  <test-case name="TopCoder.LoggingWrapper.LoggerUnitTest.TestLogNamedMessageWithNameNoFound2" executed="True" success="True" time="0.000" asserts="0" />
                  <test-case name="TopCoder.LoggingWrapper.LoggerUnitTest.TestLogNamedMessageWithNullString1" executed="True" success="True" time="0.000" asserts="0" />
                  <test-case name="TopCoder.LoggingWrapper.LoggerUnitTest.TestLogNamedMessageWithNullString2" executed="True" success="True" time="0.000" asserts="0" />
                  <test-case name="TopCoder.LoggingWrapper.LoggerUnitTest.TestLogWithArgumentNullException" executed="True" success="True" time="0.000" asserts="0" />
                  <test-case name="TopCoder.LoggingWrapper.LoggerUnitTest.TestLogWithLoggingException" executed="True" success="True" time="0.000" asserts="0" />
                  <test-case name="TopCoder.LoggingWrapper.LoggerUnitTest.TestLogWithMessageFormattingException" executed="True" success="True" time="0.000" asserts="0" />
                </results>
              </test-suite>
              <test-suite name="LoggingExceptionUnitTest" success="True" time="0.000" asserts="0">
                <results>
                  <test-case name="TopCoder.LoggingWrapper.LoggingExceptionUnitTest.Test0ParamCtor" executed="True" success="True" time="0.000" asserts="1" />
                  <test-case name="TopCoder.LoggingWrapper.LoggingExceptionUnitTest.Test1ParamCtor" executed="True" success="True" time="0.000" asserts="1" />
                  <test-case name="TopCoder.LoggingWrapper.LoggingExceptionUnitTest.Test2ParamCtor" executed="True" success="True" time="0.000" asserts="2" />
                  <test-case name="TopCoder.LoggingWrapper.LoggingExceptionUnitTest.TestSerialization" executed="True" success="True" time="0.000" asserts="2" />
                </results>
              </test-suite>
              <test-suite name="LoggingWrapperTest" success="True" time="0.063" asserts="0">
                <results>
                  <test-case name="TopCoder.LoggingWrapper.LoggingWrapperTest.ConfigException" executed="True" success="True" time="0.000" asserts="0" />
                  <test-case name="TopCoder.LoggingWrapper.LoggingWrapperTest.FormatLog" executed="True" success="True" time="0.016" asserts="0" />
                  <test-case name="TopCoder.LoggingWrapper.LoggingWrapperTest.InvalidImplementationException" executed="True" success="True" time="0.000" asserts="0" />
                  <test-case name="TopCoder.LoggingWrapper.LoggingWrapperTest.IsEnableLoggingLevel" executed="True" success="True" time="0.016" asserts="0" />
                  <test-case name="TopCoder.LoggingWrapper.LoggingWrapperTest.LoadConfiguration" executed="True" success="True" time="0.000" asserts="0" />
                  <test-case name="TopCoder.LoggingWrapper.LoggingWrapperTest.ReloadConfigurationDuringExecution" executed="True" success="True" time="0.016" asserts="0" />
                  <test-case name="TopCoder.LoggingWrapper.LoggingWrapperTest.RetrievingLoggingSolution" executed="True" success="True" time="0.000" asserts="0" />
                  <test-case name="TopCoder.LoggingWrapper.LoggingWrapperTest.SetupDefaultLoggingLevel" executed="True" success="True" time="0.016" asserts="0" />
                  <test-case name="TopCoder.LoggingWrapper.LoggingWrapperTest.SimpleLog" executed="True" success="True" time="0.000" asserts="0" />
                </results>
              </test-suite>
              <test-suite name="LogManagerUnitTest" success="False" time="0.141" asserts="0">
                <results>
                  <test-case name="TopCoder.LoggingWrapper.LogManagerUnitTest.TestCreateLoggerConfigDiagnosticImpl" executed="True" success="True" time="0.031" asserts="3" />
                  <test-case name="TopCoder.LoggingWrapper.LogManagerUnitTest.TestCreateLoggerConfigELSImpl" executed="True" success="True" time="0.031" asserts="2" />
                  <test-case name="TopCoder.LoggingWrapper.LogManagerUnitTest.TestCreateLoggerConfigEnterpriseLibraryLogger" executed="True" success="True" time="0.000" asserts="3" />
                  <test-case name="TopCoder.LoggingWrapper.LogManagerUnitTest.TestCreateLoggerConfigExceptionPropagated" executed="True" success="True" time="0.000" asserts="1" />
                  <test-case name="TopCoder.LoggingWrapper.LogManagerUnitTest.TestCreateLoggerConfigLevelsFiltered" executed="True" success="True" time="0.000" asserts="1" />
                  <test-case name="TopCoder.LoggingWrapper.LogManagerUnitTest.TestCreateLoggerConfigLog4NETImpl" executed="True" success="False" time="0.000" asserts="0">
                    <failure>
                      <message><![CDATA[TopCoder.LoggingWrapper.ConfigException : fail to create logger through reflection
  ----> System.Reflection.TargetInvocationException : 调用的目标发生了异常。
  ----> TopCoder.LoggingWrapper.ConfigException : Unable to load '..\..\test_files\log4net.config' for Log4NET]]></message>
                      <stack-trace><![CDATA[在 TopCoder.LoggingWrapper.LogManager.CreateLogger(IConfiguration configuration) 位置 e:\devTools\workspace\sts_2_3\logging_wrapper\src\csharp\main\TopCoder\LoggingWrapper\LogManager.cs:行号 617
在 TopCoder.LoggingWrapper.LogManagerUnitTest.TestCreateLoggerConfigLog4NETImpl() 位置 e:\devTools\workspace\sts_2_3\logging_wrapper\src\csharp\tests\TopCoder\LoggingWrapper\LogManagerUnitTest.cs:行号 292
--TargetInvocationException
在 System.RuntimeMethodHandle._InvokeConstructor(Object[] args, SignatureStruct& signature, IntPtr declaringType)
在 System.RuntimeMethodHandle.InvokeConstructor(Object[] args, SignatureStruct signature, RuntimeTypeHandle declaringType)
在 System.Reflection.RuntimeConstructorInfo.Invoke(BindingFlags invokeAttr, Binder binder, Object[] parameters, CultureInfo culture)
在 System.RuntimeType.CreateInstanceImpl(BindingFlags bindingAttr, Binder binder, Object[] args, CultureInfo culture, Object[] activationAttributes)
在 System.Activator.CreateInstance(Type type, BindingFlags bindingAttr, Binder binder, Object[] args, CultureInfo culture, Object[] activationAttributes)
在 System.Activator.CreateInstance(Type type, Object[] args)
在 TopCoder.LoggingWrapper.LogManager.CreateLogger(IConfiguration configuration) 位置 e:\devTools\workspace\sts_2_3\logging_wrapper\src\csharp\main\TopCoder\LoggingWrapper\LogManager.cs:行号 616
--ConfigException
在 TopCoder.LoggingWrapper.Log4NETImpl..ctor(IConfiguration configuration) 位置 e:\devTools\workspace\sts_2_3\logging_wrapper\src\csharp\main\TopCoder\LoggingWrapper\Log4NETImpl.cs:行号 459
]]></stack-trace>
                    </failure>
                  </test-case>
                  <test-case name="TopCoder.LoggingWrapper.LogManagerUnitTest.TestCreateLoggerConfigMinimum" executed="True" success="True" time="0.000" asserts="7" />
                  <test-case name="TopCoder.LoggingWrapper.LogManagerUnitTest.TestCreateLoggerConfigWithNull" executed="True" success="True" time="0.000" asserts="0" />
                  <test-case name="TopCoder.LoggingWrapper.LogManagerUnitTest.TestCreateLoggerConfigZeroConfiguration" executed="True" success="True" time="0.000" asserts="1" />
                  <test-case name="TopCoder.LoggingWrapper.LogManagerUnitTest.TestCreateLoggerDefault" executed="True" success="True" time="0.016" asserts="2" />
                  <test-case name="TopCoder.LoggingWrapper.LogManagerUnitTest.TestCreateLoggerDiagnosticImpl" executed="True" success="True" time="0.000" asserts="3" />
                  <test-case name="TopCoder.LoggingWrapper.LogManagerUnitTest.TestCreateLoggerDuplicateFilterLevels" executed="True" success="True" time="0.016" asserts="0" />
                  <test-case name="TopCoder.LoggingWrapper.LogManagerUnitTest.TestCreateLoggerELSImpl" executed="True" success="True" time="0.000" asserts="0" />
                  <test-case name="TopCoder.LoggingWrapper.LogManagerUnitTest.TestCreateLoggerEnterpriseLibraryLogger" executed="True" success="True" time="0.000" asserts="0" />
                  <test-case name="TopCoder.LoggingWrapper.LogManagerUnitTest.TestCreateLoggerExceptionLoggerError" executed="True" success="True" time="0.000" asserts="0" />
                  <test-case name="TopCoder.LoggingWrapper.LogManagerUnitTest.TestCreateLoggerInvalidFilterLevels" executed="True" success="True" time="0.000" asserts="0" />
                  <test-case name="TopCoder.LoggingWrapper.LogManagerUnitTest.TestCreateLoggerInvalidZeroConfigurationOption" executed="True" success="True" time="0.016" asserts="0" />
                  <test-case name="TopCoder.LoggingWrapper.LogManagerUnitTest.TestCreateLoggerLog4NETImpl" executed="True" success="True" time="0.000" asserts="2" />
                  <test-case name="TopCoder.LoggingWrapper.LogManagerUnitTest.TestCreateLoggerMinimum" executed="True" success="True" time="0.000" asserts="4" />
                  <test-case name="TopCoder.LoggingWrapper.LogManagerUnitTest.TestCreateLoggerNoLoggerClass" executed="True" success="True" time="0.016" asserts="0" />
                  <test-case name="TopCoder.LoggingWrapper.LogManagerUnitTest.TestCreateLoggerReflectionError" executed="True" success="True" time="0.000" asserts="0" />
                  <test-case name="TopCoder.LoggingWrapper.LogManagerUnitTest.TestCreateLoggerZeroConfigurationError" executed="True" success="True" time="0.000" asserts="0" />
                </results>
              </test-suite>
              <test-suite name="MessageFormattingExceptionUnitTest" success="True" time="0.000" asserts="0">
                <results>
                  <test-case name="TopCoder.LoggingWrapper.MessageFormattingExceptionUnitTest.Test0ParamCtor" executed="True" success="True" time="0.000" asserts="1" />
                  <test-case name="TopCoder.LoggingWrapper.MessageFormattingExceptionUnitTest.Test1ParamCtor" executed="True" success="True" time="0.000" asserts="1" />
                  <test-case name="TopCoder.LoggingWrapper.MessageFormattingExceptionUnitTest.Test2ParamCtor" executed="True" success="True" time="0.000" asserts="2" />
                  <test-case name="TopCoder.LoggingWrapper.MessageFormattingExceptionUnitTest.TestSerialization" executed="True" success="True" time="0.000" asserts="2" />
                </results>
              </test-suite>
              <test-suite name="NamedMessageUnitTest" success="True" time="0.000" asserts="0">
                <results>
                  <test-case name="TopCoder.LoggingWrapper.NamedMessageUnitTest.TestCtorAccuracy" executed="True" success="True" time="0.000" asserts="8" />
                  <test-case name="TopCoder.LoggingWrapper.NamedMessageUnitTest.TestCtorWithEmptyInList" executed="True" success="True" time="0.000" asserts="0" />
                  <test-case name="TopCoder.LoggingWrapper.NamedMessageUnitTest.TestCtorWithEmptyName" executed="True" success="True" time="0.000" asserts="0" />
                  <test-case name="TopCoder.LoggingWrapper.NamedMessageUnitTest.TestCtorWithEmptyText" executed="True" success="True" time="0.000" asserts="0" />
                  <test-case name="TopCoder.LoggingWrapper.NamedMessageUnitTest.TestCtorWithInvalidLevel" executed="True" success="True" time="0.000" asserts="0" />
                  <test-case name="TopCoder.LoggingWrapper.NamedMessageUnitTest.TestCtorWithNullInList" executed="True" success="True" time="0.000" asserts="0" />
                  <test-case name="TopCoder.LoggingWrapper.NamedMessageUnitTest.TestCtorWithNullList" executed="True" success="True" time="0.000" asserts="0" />
                  <test-case name="TopCoder.LoggingWrapper.NamedMessageUnitTest.TestCtorWithNullName" executed="True" success="True" time="0.000" asserts="0" />
                  <test-case name="TopCoder.LoggingWrapper.NamedMessageUnitTest.TestCtorWithNullText" executed="True" success="True" time="0.000" asserts="0" />
                </results>
              </test-suite>
              <test-suite name="UnitTestConfigException" success="True" time="0.000" asserts="0">
                <results>
                  <test-case name="TopCoder.LoggingWrapper.UnitTestConfigException.CreateConfigExceptionString" executed="True" success="True" time="0.000" asserts="0" />
                  <test-case name="TopCoder.LoggingWrapper.UnitTestConfigException.CreateConfigExceptionStringException" executed="True" success="True" time="0.000" asserts="0" />
                </results>
              </test-suite>
              <test-suite name="UnitTestDiagnosticImpl" success="True" time="0.406" asserts="0">
                <results>
                  <test-case name="TopCoder.LoggingWrapper.UnitTestDiagnosticImpl.CheckEntryNotWrittenLevelTooLow" executed="True" success="True" time="0.031" asserts="0" />
                  <test-case name="TopCoder.LoggingWrapper.UnitTestDiagnosticImpl.CheckFormattedEntryWritten" executed="True" success="True" time="0.031" asserts="1" />
                  <test-case name="TopCoder.LoggingWrapper.UnitTestDiagnosticImpl.CheckFormattedEntryWrittenLevelInfo" executed="True" success="True" time="0.031" asserts="1" />
                  <test-case name="TopCoder.LoggingWrapper.UnitTestDiagnosticImpl.CheckSimpleEntryWritten" executed="True" success="True" time="0.031" asserts="1" />
                  <test-case name="TopCoder.LoggingWrapper.UnitTestDiagnosticImpl.CheckSimpleEntryWrittenLevelInfo" executed="True" success="True" time="0.031" asserts="1" />
                  <test-case name="TopCoder.LoggingWrapper.UnitTestDiagnosticImpl.CreateDiagnosticImpl" executed="True" success="True" time="0.047" asserts="2" />
                  <test-case name="TopCoder.LoggingWrapper.UnitTestDiagnosticImpl.CreateDiagnosticImplNoSource" executed="True" success="True" time="0.031" asserts="0" />
                  <test-case name="TopCoder.LoggingWrapper.UnitTestDiagnosticImpl.CreateDiagnosticImplNullParameter" executed="True" success="True" time="0.031" asserts="0" />
                  <test-case name="TopCoder.LoggingWrapper.UnitTestDiagnosticImpl.CreateDiagnosticImplSourcePropertyInvalid" executed="True" success="True" time="0.031" asserts="0" />
                  <test-case name="TopCoder.LoggingWrapper.UnitTestDiagnosticImpl.LogExceptionIgnore" executed="True" success="True" time="0.047" asserts="0" />
                  <test-case name="TopCoder.LoggingWrapper.UnitTestDiagnosticImpl.TestLevelEnabled" executed="True" success="True" time="0.031" asserts="8" />
                  <test-case name="TopCoder.LoggingWrapper.UnitTestDiagnosticImpl.TestSourceStringCorrect" executed="True" success="True" time="0.031" asserts="1" />
                </results>
              </test-suite>
              <test-suite name="UnitTestLog4NETImpl" success="True" time="0.063" asserts="0">
                <results>
                  <test-case name="TopCoder.LoggingWrapper.UnitTestLog4NETImpl.CheckEntryNotWrittenLevelTooLow" executed="True" success="True" time="0.000" asserts="0" />
                  <test-case name="TopCoder.LoggingWrapper.UnitTestLog4NETImpl.CheckFormattedEntryWritten" executed="True" success="True" time="0.016" asserts="1" />
                  <test-case name="TopCoder.LoggingWrapper.UnitTestLog4NETImpl.CheckFormattedEntryWrittenLevelInfo" executed="True" success="True" time="0.000" asserts="1" />
                  <test-case name="TopCoder.LoggingWrapper.UnitTestLog4NETImpl.CheckSimpleEntryWritten" executed="True" success="True" time="0.000" asserts="1" />
                  <test-case name="TopCoder.LoggingWrapper.UnitTestLog4NETImpl.CheckSimpleEntryWrittenLevelInfo" executed="True" success="True" time="0.016" asserts="1" />
                  <test-case name="TopCoder.LoggingWrapper.UnitTestLog4NETImpl.CreateLog4NET" executed="True" success="True" time="0.000" asserts="2" />
                  <test-case name="TopCoder.LoggingWrapper.UnitTestLog4NETImpl.CreateLog4NETImplConfigFilePropertyInvalid" executed="True" success="True" time="0.000" asserts="0" />
                  <test-case name="TopCoder.LoggingWrapper.UnitTestLog4NETImpl.CreateLog4NETImplInvalidConfigFile" executed="True" success="True" time="0.000" asserts="0" />
                  <test-case name="TopCoder.LoggingWrapper.UnitTestLog4NETImpl.CreateLog4NETImplNoConfigFile" executed="True" success="True" time="0.016" asserts="0" />
                  <test-case name="TopCoder.LoggingWrapper.UnitTestLog4NETImpl.CreateLog4NETImplNullParameter" executed="True" success="True" time="0.000" asserts="0" />
                  <test-case name="TopCoder.LoggingWrapper.UnitTestLog4NETImpl.LogExceptionIgnore" executed="True" success="True" time="0.000" asserts="0" />
                  <test-case name="TopCoder.LoggingWrapper.UnitTestLog4NETImpl.TestConfigFileStringCorrect" executed="True" success="True" time="0.000" asserts="1" />
                  <test-case name="TopCoder.LoggingWrapper.UnitTestLog4NETImpl.TestLevelEnabled" executed="True" success="True" time="0.016" asserts="8" />
                </results>
              </test-suite>
              <test-suite name="UnitTestLogger" success="True" time="0.016" asserts="0">
                <results>
                  <test-case name="TopCoder.LoggingWrapper.UnitTestLogger.CreateLogger1" executed="True" success="True" time="0.000" asserts="2" />
                  <test-case name="TopCoder.LoggingWrapper.UnitTestLogger.CreateLogger2" executed="True" success="True" time="0.000" asserts="2" />
                  <test-case name="TopCoder.LoggingWrapper.UnitTestLogger.CreateLogger3" executed="True" success="True" time="0.000" asserts="2" />
                  <test-case name="TopCoder.LoggingWrapper.UnitTestLogger.CreateLogger3EmptyLoggerName" executed="True" success="True" time="0.000" asserts="0" />
                  <test-case name="TopCoder.LoggingWrapper.UnitTestLogger.CreateLogger3InvalidDefaultLevel" executed="True" success="True" time="0.000" asserts="0" />
                  <test-case name="TopCoder.LoggingWrapper.UnitTestLogger.CreateLogger3NoDefaultLevel" executed="True" success="True" time="0.000" asserts="0" />
                  <test-case name="TopCoder.LoggingWrapper.UnitTestLogger.CreateLogger3NoLoggerName" executed="True" success="True" time="0.000" asserts="0" />
                  <test-case name="TopCoder.LoggingWrapper.UnitTestLogger.CreateLogger3NullLoggerName" executed="True" success="True" time="0.000" asserts="0" />
                  <test-case name="TopCoder.LoggingWrapper.UnitTestLogger.CreateLogger3NullParam" executed="True" success="True" time="0.016" asserts="0" />
                  <test-case name="TopCoder.LoggingWrapper.UnitTestLogger.CreateLoggerEmptyLogname1" executed="True" success="True" time="0.000" asserts="0" />
                  <test-case name="TopCoder.LoggingWrapper.UnitTestLogger.CreateLoggerEmptyLogname2" executed="True" success="True" time="0.000" asserts="0" />
                  <test-case name="TopCoder.LoggingWrapper.UnitTestLogger.CreateLoggerNullLogname1" executed="True" success="True" time="0.000" asserts="0" />
                  <test-case name="TopCoder.LoggingWrapper.UnitTestLogger.CreateLoggerNullLogname2" executed="True" success="True" time="0.000" asserts="0" />
                  <test-case name="TopCoder.LoggingWrapper.UnitTestLogger.LogMessagePassParameters" executed="True" success="True" time="0.000" asserts="4" />
                  <test-case name="TopCoder.LoggingWrapper.UnitTestLogger.TestDefaultLevelStatic" executed="True" success="True" time="0.000" asserts="1" />
                  <test-case name="TopCoder.LoggingWrapper.UnitTestLogger.TestLoggerNameStatic" executed="True" success="True" time="0.000" asserts="1" />
                </results>
              </test-suite>
              <test-suite name="ZeroConfigurationOptionUnitTest" success="True" time="0.000" asserts="0">
                <results>
                  <test-case name="TopCoder.LoggingWrapper.ZeroConfigurationOptionUnitTest.TestZeroConfigurationOption" executed="True" success="True" time="0.000" asserts="8" />
                </results>
              </test-suite>
            </results>
          </test-suite>
        </results>
      </test-suite>
    </results>
  </test-suite>
</test-results>